<?xml version="1.0" encoding="UTF-8" standalone="no"?>
<testsuite errors="0" failures="1" name="io.cucumber.core.plugin.JUnitFormatter" skipped="1" tests="6" time="24.142">
    <testcase classname="Login aplikasi GTPL Bank" name="Login dengan kredensial valid" time="19.642">
        <failure message="no such alert&#10;  (Session info: chrome=103.0.5060.114)&#10;Build info: version: '3.141.59', revision: 'e82be7d358', time: '2018-11-14T08:17:03'&#10;System info: host: 'LAPTOP-DKCLFGJU', ip: '192.168.1.125', os.name: 'Windows 10', os.arch: 'amd64', os.version: '10.0', java.version: '17.0.2'&#10;Driver info: org.openqa.selenium.chrome.ChromeDriver&#10;Capabilities {acceptInsecureCerts: false, browserName: chrome, browserVersion: 103.0.5060.114, chrome: {chromedriverVersion: 103.0.5060.53 (a1711811edd7..., userDataDir: C:\Users\irsya\AppData\Loca...}, goog:chromeOptions: {debuggerAddress: localhost:62780}, javascriptEnabled: true, networkConnectionEnabled: false, pageLoadStrategy: normal, platform: WINDOWS, platformName: WINDOWS, proxy: Proxy(), setWindowRect: true, strictFileInteractability: false, timeouts: {implicit: 0, pageLoad: 300000, script: 30000}, unhandledPromptBehavior: dismiss and notify, webauthn:extension:credBlob: true, webauthn:extension:largeBlob: true, webauthn:virtualAuthenticators: true}&#10;Session ID: 63fa3af6d3b629b8b759e5e4d2079868" type="org.openqa.selenium.NoAlertPresentException"><![CDATA[Given User sedang berada di halaman login...................................passed
When User memasukan user ID "mngr422725"....................................passed
And User memasukan password "ebUsypa".......................................passed
And User menekan tombol login dan sistem memprosesnya.......................passed
Then User harus berada di halaman "Welcome To Manager's Page of GTPL Bank"..failed

StackTrace:
org.openqa.selenium.NoAlertPresentException: no such alert
  (Session info: chrome=103.0.5060.114)
Build info: version: '3.141.59', revision: 'e82be7d358', time: '2018-11-14T08:17:03'
System info: host: 'LAPTOP-DKCLFGJU', ip: '192.168.1.125', os.name: 'Windows 10', os.arch: 'amd64', os.version: '10.0', java.version: '17.0.2'
Driver info: org.openqa.selenium.chrome.ChromeDriver
Capabilities {acceptInsecureCerts: false, browserName: chrome, browserVersion: 103.0.5060.114, chrome: {chromedriverVersion: 103.0.5060.53 (a1711811edd7..., userDataDir: C:\Users\irsya\AppData\Loca...}, goog:chromeOptions: {debuggerAddress: localhost:62780}, javascriptEnabled: true, networkConnectionEnabled: false, pageLoadStrategy: normal, platform: WINDOWS, platformName: WINDOWS, proxy: Proxy(), setWindowRect: true, strictFileInteractability: false, timeouts: {implicit: 0, pageLoad: 300000, script: 30000}, unhandledPromptBehavior: dismiss and notify, webauthn:extension:credBlob: true, webauthn:extension:largeBlob: true, webauthn:virtualAuthenticators: true}
Session ID: 63fa3af6d3b629b8b759e5e4d2079868
	at java.base/jdk.internal.reflect.NativeConstructorAccessorImpl.newInstance0(Native Method)
	at java.base/jdk.internal.reflect.NativeConstructorAccessorImpl.newInstance(NativeConstructorAccessorImpl.java:77)
	at java.base/jdk.internal.reflect.DelegatingConstructorAccessorImpl.newInstance(DelegatingConstructorAccessorImpl.java:45)
	at java.base/java.lang.reflect.Constructor.newInstanceWithCaller(Constructor.java:499)
	at java.base/java.lang.reflect.Constructor.newInstance(Constructor.java:480)
	at org.openqa.selenium.remote.http.W3CHttpResponseCodec.createException(W3CHttpResponseCodec.java:187)
	at org.openqa.selenium.remote.http.W3CHttpResponseCodec.decode(W3CHttpResponseCodec.java:122)
	at org.openqa.selenium.remote.http.W3CHttpResponseCodec.decode(W3CHttpResponseCodec.java:49)
	at org.openqa.selenium.remote.HttpCommandExecutor.execute(HttpCommandExecutor.java:158)
	at org.openqa.selenium.remote.service.DriverCommandExecutor.execute(DriverCommandExecutor.java:83)
	at org.openqa.selenium.remote.RemoteWebDriver.execute(RemoteWebDriver.java:552)
	at org.openqa.selenium.remote.RemoteWebDriver.execute(RemoteWebDriver.java:609)
	at org.openqa.selenium.remote.RemoteWebDriver$RemoteTargetLocator.alert(RemoteWebDriver.java:932)
	at definisions.LoginDefinitions.user_harus_berada_di_halaman(LoginDefinitions.java:49)
	at âœ½.User harus berada di halaman "Welcome To Manager's Page of GTPL Bank"(file:///C:/Users/irsya/eclipse-workspace/belajarcucumber2/src/test/resources/features/Login.feature:8)
]]></failure>
    </testcase>
    <testcase classname="Login aplikasi GTPL Bank" name="Login dengan kredensial tidak valid" time="4.296">
        <skipped><![CDATA[Given User sedang berada di halaman login...................................passed
When User memasukan user ID "mngr422725"....................................passed
And User memasukan password "ebUszdc".......................................passed
And User menekan tombol login dan sistem memprosesnya.......................passed
Then User harus melihat alert berisi "User is not valid"....................undefined
]]></skipped>
    </testcase>
    <testcase classname="Check string palindrome" name="Periksa string palindrome" time="0.002">
        <system-out><![CDATA[Given Saya masukin string "bebeb"...........................................passed
When Saya test apakah palindrome............................................passed
Then hasilnya harus "true"..................................................passed
]]></system-out>
    </testcase>
    <testcase classname="Check string palindrome" name="Periksa string palindrome 2" time="0.002">
        <system-out><![CDATA[Given Saya masukin string "kodok"...........................................passed
When Saya test apakah palindrome............................................passed
Then hasilnya harus "true"..................................................passed
]]></system-out>
    </testcase>
    <testcase classname="Check string palindrome" name="Periksa string palindrome 3" time="0">
        <system-out><![CDATA[Given Saya masukin string "mobil"...........................................passed
When Saya test apakah palindrome............................................passed
Then hasilnya harus "false".................................................passed
]]></system-out>
    </testcase>
    <testcase classname="Check string palindrome" name="Periksa string palindrome 4" time="0">
        <system-out><![CDATA[Given Saya masukin string "motor"...........................................passed
When Saya test apakah palindrome............................................passed
Then hasilnya harus "false".................................................passed
]]></system-out>
    </testcase>
</testsuite>
